<?xml version="1.0" encoding="UTF-8" ?>
<testsuite failures="0" time="0.317" errors="0" skipped="0" tests="41" name="org.apache.mahout.matrix.TestVectorView">
  <properties>
[...]
</properties>
  <testcase time="0.003" classname="org.apache.mahout.matrix.TestVectorView" name="testSet"/>
  <testcase time="0.006" classname="org.apache.mahout.matrix.TestVectorView" name="testIterator"/>
  <testcase time="0.001" classname="org.apache.mahout.matrix.TestVectorView" name="testCardinality"/>
  <testcase time="0.001" classname="org.apache.mahout.matrix.TestVectorView" name="testCopy"/>
  <testcase time="0" classname="org.apache.mahout.matrix.TestVectorView" name="testLike"/>
  <testcase time="0" classname="org.apache.mahout.matrix.TestVectorView" name="testSize"/>
  <testcase time="0" classname="org.apache.mahout.matrix.TestVectorView" name="testViewPart"/>
  <testcase time="0" classname="org.apache.mahout.matrix.TestVectorView" name="testViewPartCardinality"/>
  <testcase time="0.001" classname="org.apache.mahout.matrix.TestVectorView" name="testAssignDouble"/>
  <testcase time="0.001" classname="org.apache.mahout.matrix.TestVectorView" name="testAssignUnaryFunction"/>
  <testcase time="0" classname="org.apache.mahout.matrix.TestVectorView" name="testGet"/>
  <testcase time="0.001" classname="org.apache.mahout.matrix.TestVectorView" name="testMinus"/>
  <testcase time="0" classname="org.apache.mahout.matrix.TestVectorView" name="testPlusDouble"/>
  <testcase time="0" classname="org.apache.mahout.matrix.TestVectorView" name="testTimesDouble"/>
  <testcase time="0" classname="org.apache.mahout.matrix.TestVectorView" name="testZSum"/>
  <testcase time="0.246" classname="org.apache.mahout.matrix.TestVectorView" name="testAsFormatString"/>
  <testcase time="0" classname="org.apache.mahout.matrix.TestVectorView" name="testGetOver"/>
  <testcase time="0" classname="org.apache.mahout.matrix.TestVectorView" name="testGetUnder"/>
  <testcase time="0" classname="org.apache.mahout.matrix.TestVectorView" name="testViewPartUnder"/>
  <testcase time="0.001" classname="org.apache.mahout.matrix.TestVectorView" name="testViewPartOver"/>
  <testcase time="0" classname="org.apache.mahout.matrix.TestVectorView" name="testDot"/>
  <testcase time="0" classname="org.apache.mahout.matrix.TestVectorView" name="testDotCardinality"/>
  <testcase time="0" classname="org.apache.mahout.matrix.TestVectorView" name="testNormalize"/>
  <testcase time="0" classname="org.apache.mahout.matrix.TestVectorView" name="testPlusVector"/>
  <testcase time="0.001" classname="org.apache.mahout.matrix.TestVectorView" name="testPlusVectorCardinality"/>
  <testcase time="0" classname="org.apache.mahout.matrix.TestVectorView" name="testDivideDouble"/>
  <testcase time="0" classname="org.apache.mahout.matrix.TestVectorView" name="testTimesVector"/>
  <testcase time="0" classname="org.apache.mahout.matrix.TestVectorView" name="testTimesVectorCardinality"/>
  <testcase time="0" classname="org.apache.mahout.matrix.TestVectorView" name="testAssignDoubleArray"/>
  <testcase time="0" classname="org.apache.mahout.matrix.TestVectorView" name="testAssignDoubleArrayCardinality"/>
  <testcase time="0" classname="org.apache.mahout.matrix.TestVectorView" name="testAssignVector"/>
  <testcase time="0" classname="org.apache.mahout.matrix.TestVectorView" name="testAssignVectorCardinality"/>
  <testcase time="0" classname="org.apache.mahout.matrix.TestVectorView" name="testAssignBinaryFunction"/>
  <testcase time="0" classname="org.apache.mahout.matrix.TestVectorView" name="testAssignBinaryFunction2"/>
  <testcase time="0.001" classname="org.apache.mahout.matrix.TestVectorView" name="testAssignBinaryFunction3"/>
  <testcase time="0" classname="org.apache.mahout.matrix.TestVectorView" name="testAssignBinaryFunctionCardinality"/>
  <testcase time="0" classname="org.apache.mahout.matrix.TestVectorView" name="testThisHaveSharedCells"/>
  <testcase time="0" classname="org.apache.mahout.matrix.TestVectorView" name="testViewHaveSharedCells"/>
  <testcase time="0" classname="org.apache.mahout.matrix.TestVectorView" name="testViewsHaveSharedCells"/>
  <testcase time="0" classname="org.apache.mahout.matrix.TestVectorView" name="testLikeN"/>
  <testcase time="0.003" classname="org.apache.mahout.matrix.TestVectorView" name="testCrossProduct"/>
</testsuite>