<?xml version="1.0" encoding="UTF-8" ?>
<testsuite failures="0" time="0.327" errors="0" skipped="0" tests="52" name="org.apache.mahout.matrix.TestDenseMatrix">
  <properties>
[...]
</properties>
  <testcase time="0.006" classname="org.apache.mahout.matrix.TestDenseMatrix" name="testTranspose"/>
  <testcase time="0" classname="org.apache.mahout.matrix.TestDenseMatrix" name="testCardinality"/>
  <testcase time="0" classname="org.apache.mahout.matrix.TestDenseMatrix" name="testCopy"/>
  <testcase time="0" classname="org.apache.mahout.matrix.TestDenseMatrix" name="testGetQuick"/>
  <testcase time="0.001" classname="org.apache.mahout.matrix.TestDenseMatrix" name="testHaveSharedCells"/>
  <testcase time="0" classname="org.apache.mahout.matrix.TestDenseMatrix" name="testLike"/>
  <testcase time="0" classname="org.apache.mahout.matrix.TestDenseMatrix" name="testLikeIntInt"/>
  <testcase time="0" classname="org.apache.mahout.matrix.TestDenseMatrix" name="testSetQuick"/>
  <testcase time="0" classname="org.apache.mahout.matrix.TestDenseMatrix" name="testSize"/>
  <testcase time="0.001" classname="org.apache.mahout.matrix.TestDenseMatrix" name="testViewPart"/>
  <testcase time="0" classname="org.apache.mahout.matrix.TestDenseMatrix" name="testViewPartCardinality"/>
  <testcase time="0" classname="org.apache.mahout.matrix.TestDenseMatrix" name="testViewPartIndexOver"/>
  <testcase time="0" classname="org.apache.mahout.matrix.TestDenseMatrix" name="testViewPartIndexUnder"/>
  <testcase time="0" classname="org.apache.mahout.matrix.TestDenseMatrix" name="testAssignDouble"/>
  <testcase time="0" classname="org.apache.mahout.matrix.TestDenseMatrix" name="testAssignDoubleArrayArray"/>
  <testcase time="0" classname="org.apache.mahout.matrix.TestDenseMatrix" name="testAssignDoubleArrayArrayCardinality"/>
  <testcase time="0.002" classname="org.apache.mahout.matrix.TestDenseMatrix" name="testAssignMatrixBinaryFunction"/>
  <testcase time="0" classname="org.apache.mahout.matrix.TestDenseMatrix" name="testAssignMatrixBinaryFunctionCardinality"/>
  <testcase time="0.001" classname="org.apache.mahout.matrix.TestDenseMatrix" name="testAssignMatrix"/>
  <testcase time="0" classname="org.apache.mahout.matrix.TestDenseMatrix" name="testAssignMatrixCardinality"/>
  <testcase time="0.001" classname="org.apache.mahout.matrix.TestDenseMatrix" name="testAssignUnaryFunction"/>
  <testcase time="0.001" classname="org.apache.mahout.matrix.TestDenseMatrix" name="testDivide"/>
  <testcase time="0" classname="org.apache.mahout.matrix.TestDenseMatrix" name="testGet"/>
  <testcase time="0" classname="org.apache.mahout.matrix.TestDenseMatrix" name="testGetIndexUnder"/>
  <testcase time="0" classname="org.apache.mahout.matrix.TestDenseMatrix" name="testGetIndexOver"/>
  <testcase time="0.001" classname="org.apache.mahout.matrix.TestDenseMatrix" name="testMinus"/>
  <testcase time="0" classname="org.apache.mahout.matrix.TestDenseMatrix" name="testMinusCardinality"/>
  <testcase time="0" classname="org.apache.mahout.matrix.TestDenseMatrix" name="testPlusDouble"/>
  <testcase time="0" classname="org.apache.mahout.matrix.TestDenseMatrix" name="testPlusMatrix"/>
  <testcase time="0" classname="org.apache.mahout.matrix.TestDenseMatrix" name="testPlusMatrixCardinality"/>
  <testcase time="0" classname="org.apache.mahout.matrix.TestDenseMatrix" name="testSetUnder"/>
  <testcase time="0" classname="org.apache.mahout.matrix.TestDenseMatrix" name="testSetOver"/>
  <testcase time="0.001" classname="org.apache.mahout.matrix.TestDenseMatrix" name="testTimesDouble"/>
  <testcase time="0" classname="org.apache.mahout.matrix.TestDenseMatrix" name="testTimesMatrix"/>
  <testcase time="0.001" classname="org.apache.mahout.matrix.TestDenseMatrix" name="testTimesMatrixCardinality"/>
  <testcase time="0" classname="org.apache.mahout.matrix.TestDenseMatrix" name="testZSum"/>
  <testcase time="0.004" classname="org.apache.mahout.matrix.TestDenseMatrix" name="testAssignRow"/>
  <testcase time="0" classname="org.apache.mahout.matrix.TestDenseMatrix" name="testAssignRowCardinality"/>
  <testcase time="0" classname="org.apache.mahout.matrix.TestDenseMatrix" name="testAssignColumn"/>
  <testcase time="0" classname="org.apache.mahout.matrix.TestDenseMatrix" name="testAssignColumnCardinality"/>
  <testcase time="0" classname="org.apache.mahout.matrix.TestDenseMatrix" name="testGetRow"/>
  <testcase time="0.001" classname="org.apache.mahout.matrix.TestDenseMatrix" name="testGetRowIndexUnder"/>
  <testcase time="0" classname="org.apache.mahout.matrix.TestDenseMatrix" name="testGetRowIndexOver"/>
  <testcase time="0" classname="org.apache.mahout.matrix.TestDenseMatrix" name="testGetColumn"/>
  <testcase time="0" classname="org.apache.mahout.matrix.TestDenseMatrix" name="testGetColumnIndexUnder"/>
  <testcase time="0" classname="org.apache.mahout.matrix.TestDenseMatrix" name="testGetColumnIndexOver"/>
  <testcase time="0.001" classname="org.apache.mahout.matrix.TestDenseMatrix" name="testDetermitant"/>
  <testcase time="0.249" classname="org.apache.mahout.matrix.TestDenseMatrix" name="testAsFormatString"/>
  <testcase time="0" classname="org.apache.mahout.matrix.TestDenseMatrix" name="testLabelBindings"/>
  <testcase time="0" classname="org.apache.mahout.matrix.TestDenseMatrix" name="testSettingLabelBindings"/>
  <testcase time="0.006" classname="org.apache.mahout.matrix.TestDenseMatrix" name="testLabelBindingSerialization"/>
  <testcase time="0.001" classname="org.apache.mahout.matrix.TestDenseMatrix" name="testMatrixWritable"/>
</testsuite>