<?xml version="1.0" encoding="UTF-8" ?>
<testsuite failures="0" time="0.332" errors="0" skipped="0" tests="51" name="org.apache.mahout.matrix.TestMatrixView">
  <properties>
[...]
</properties>
  <testcase time="0.008" classname="org.apache.mahout.matrix.TestMatrixView" name="testTranspose"/>
  <testcase time="0" classname="org.apache.mahout.matrix.TestMatrixView" name="testCardinality"/>
  <testcase time="0" classname="org.apache.mahout.matrix.TestMatrixView" name="testCopy"/>
  <testcase time="0" classname="org.apache.mahout.matrix.TestMatrixView" name="testGetQuick"/>
  <testcase time="0" classname="org.apache.mahout.matrix.TestMatrixView" name="testHaveSharedCells"/>
  <testcase time="0" classname="org.apache.mahout.matrix.TestMatrixView" name="testLike"/>
  <testcase time="0" classname="org.apache.mahout.matrix.TestMatrixView" name="testLikeIntInt"/>
  <testcase time="0" classname="org.apache.mahout.matrix.TestMatrixView" name="testSetQuick"/>
  <testcase time="0" classname="org.apache.mahout.matrix.TestMatrixView" name="testSize"/>
  <testcase time="0" classname="org.apache.mahout.matrix.TestMatrixView" name="testViewPart"/>
  <testcase time="0.001" classname="org.apache.mahout.matrix.TestMatrixView" name="testViewPartCardinality"/>
  <testcase time="0.001" classname="org.apache.mahout.matrix.TestMatrixView" name="testViewPartIndexOver"/>
  <testcase time="0" classname="org.apache.mahout.matrix.TestMatrixView" name="testViewPartIndexUnder"/>
  <testcase time="0" classname="org.apache.mahout.matrix.TestMatrixView" name="testAssignDouble"/>
  <testcase time="0" classname="org.apache.mahout.matrix.TestMatrixView" name="testAssignDoubleArrayArray"/>
  <testcase time="0" classname="org.apache.mahout.matrix.TestMatrixView" name="testAssignDoubleArrayArrayCardinality"/>
  <testcase time="0.001" classname="org.apache.mahout.matrix.TestMatrixView" name="testAssignMatrixBinaryFunction"/>
  <testcase time="0" classname="org.apache.mahout.matrix.TestMatrixView" name="testAssignMatrixBinaryFunctionCardinality"/>
  <testcase time="0" classname="org.apache.mahout.matrix.TestMatrixView" name="testAssignMatrix"/>
  <testcase time="0" classname="org.apache.mahout.matrix.TestMatrixView" name="testAssignMatrixCardinality"/>
  <testcase time="0.001" classname="org.apache.mahout.matrix.TestMatrixView" name="testAssignUnaryFunction"/>
  <testcase time="0" classname="org.apache.mahout.matrix.TestMatrixView" name="testDivide"/>
  <testcase time="0.001" classname="org.apache.mahout.matrix.TestMatrixView" name="testGet"/>
  <testcase time="0" classname="org.apache.mahout.matrix.TestMatrixView" name="testGetIndexUnder"/>
  <testcase time="0" classname="org.apache.mahout.matrix.TestMatrixView" name="testGetIndexOver"/>
  <testcase time="0" classname="org.apache.mahout.matrix.TestMatrixView" name="testMinus"/>
  <testcase time="0" classname="org.apache.mahout.matrix.TestMatrixView" name="testMinusCardinality"/>
  <testcase time="0.001" classname="org.apache.mahout.matrix.TestMatrixView" name="testPlusDouble"/>
  <testcase time="0" classname="org.apache.mahout.matrix.TestMatrixView" name="testPlusMatrix"/>
  <testcase time="0" classname="org.apache.mahout.matrix.TestMatrixView" name="testPlusMatrixCardinality"/>
  <testcase time="0" classname="org.apache.mahout.matrix.TestMatrixView" name="testSetUnder"/>
  <testcase time="0" classname="org.apache.mahout.matrix.TestMatrixView" name="testSetOver"/>
  <testcase time="0.001" classname="org.apache.mahout.matrix.TestMatrixView" name="testTimesDouble"/>
  <testcase time="0" classname="org.apache.mahout.matrix.TestMatrixView" name="testTimesMatrix"/>
  <testcase time="0" classname="org.apache.mahout.matrix.TestMatrixView" name="testTimesMatrixCardinality"/>
  <testcase time="0" classname="org.apache.mahout.matrix.TestMatrixView" name="testZSum"/>
  <testcase time="0.003" classname="org.apache.mahout.matrix.TestMatrixView" name="testAssignRow"/>
  <testcase time="0" classname="org.apache.mahout.matrix.TestMatrixView" name="testAssignRowCardinality"/>
  <testcase time="0" classname="org.apache.mahout.matrix.TestMatrixView" name="testAssignColumn"/>
  <testcase time="0" classname="org.apache.mahout.matrix.TestMatrixView" name="testAssignColumnCardinality"/>
  <testcase time="0.001" classname="org.apache.mahout.matrix.TestMatrixView" name="testGetRow"/>
  <testcase time="0.001" classname="org.apache.mahout.matrix.TestMatrixView" name="testGetRowIndexUnder"/>
  <testcase time="0" classname="org.apache.mahout.matrix.TestMatrixView" name="testGetRowIndexOver"/>
  <testcase time="0" classname="org.apache.mahout.matrix.TestMatrixView" name="testGetColumn"/>
  <testcase time="0" classname="org.apache.mahout.matrix.TestMatrixView" name="testGetColumnIndexUnder"/>
  <testcase time="0" classname="org.apache.mahout.matrix.TestMatrixView" name="testGetColumnIndexOver"/>
  <testcase time="0.251" classname="org.apache.mahout.matrix.TestMatrixView" name="testAsFormatString"/>
  <testcase time="0" classname="org.apache.mahout.matrix.TestMatrixView" name="testLabelBindings"/>
  <testcase time="0" classname="org.apache.mahout.matrix.TestMatrixView" name="testSettingLabelBindings"/>
  <testcase time="0.01" classname="org.apache.mahout.matrix.TestMatrixView" name="testLabelBindingSerialization"/>
  <testcase time="0.002" classname="org.apache.mahout.matrix.TestMatrixView" name="testMatrixWritable"/>
</testsuite>