<?xml version="1.0" encoding="UTF-8" ?>
<testsuite failures="0" time="0.322" errors="0" skipped="0" tests="45" name="org.apache.mahout.matrix.TestDenseVector">
  <properties>
[...]
</properties>
  <testcase time="0.003" classname="org.apache.mahout.matrix.TestDenseVector" name="testSet"/>
  <testcase time="0.003" classname="org.apache.mahout.matrix.TestDenseVector" name="testIterator"/>
  <testcase time="0" classname="org.apache.mahout.matrix.TestDenseVector" name="testCardinality"/>
  <testcase time="0" classname="org.apache.mahout.matrix.TestDenseVector" name="testCopy"/>
  <testcase time="0" classname="org.apache.mahout.matrix.TestDenseVector" name="testLike"/>
  <testcase time="0" classname="org.apache.mahout.matrix.TestDenseVector" name="testSize"/>
  <testcase time="0.001" classname="org.apache.mahout.matrix.TestDenseVector" name="testViewPart"/>
  <testcase time="0" classname="org.apache.mahout.matrix.TestDenseVector" name="testViewPartCardinality"/>
  <testcase time="0" classname="org.apache.mahout.matrix.TestDenseVector" name="testAssignDouble"/>
  <testcase time="0.001" classname="org.apache.mahout.matrix.TestDenseVector" name="testAssignUnaryFunction"/>
  <testcase time="0" classname="org.apache.mahout.matrix.TestDenseVector" name="testGet"/>
  <testcase time="0.001" classname="org.apache.mahout.matrix.TestDenseVector" name="testMinus"/>
  <testcase time="0" classname="org.apache.mahout.matrix.TestDenseVector" name="testPlusDouble"/>
  <testcase time="0" classname="org.apache.mahout.matrix.TestDenseVector" name="testTimesDouble"/>
  <testcase time="0" classname="org.apache.mahout.matrix.TestDenseVector" name="testZSum"/>
  <testcase time="0.251" classname="org.apache.mahout.matrix.TestDenseVector" name="testAsFormatString"/>
  <testcase time="0" classname="org.apache.mahout.matrix.TestDenseVector" name="testGetOver"/>
  <testcase time="0" classname="org.apache.mahout.matrix.TestDenseVector" name="testGetUnder"/>
  <testcase time="0" classname="org.apache.mahout.matrix.TestDenseVector" name="testViewPartUnder"/>
  <testcase time="0" classname="org.apache.mahout.matrix.TestDenseVector" name="testViewPartOver"/>
  <testcase time="0.003" classname="org.apache.mahout.matrix.TestDenseVector" name="testDecodeVector"/>
  <testcase time="0" classname="org.apache.mahout.matrix.TestDenseVector" name="testDenseVectorDoubleArray"/>
  <testcase time="0" classname="org.apache.mahout.matrix.TestDenseVector" name="testDenseVectorInt"/>
  <testcase time="0" classname="org.apache.mahout.matrix.TestDenseVector" name="testDot"/>
  <testcase time="0.001" classname="org.apache.mahout.matrix.TestDenseVector" name="testDotCardinality"/>
  <testcase time="0" classname="org.apache.mahout.matrix.TestDenseVector" name="testNormalize"/>
  <testcase time="0" classname="org.apache.mahout.matrix.TestDenseVector" name="testPlusVector"/>
  <testcase time="0" classname="org.apache.mahout.matrix.TestDenseVector" name="testPlusVectorCardinality"/>
  <testcase time="0" classname="org.apache.mahout.matrix.TestDenseVector" name="testDivideDouble"/>
  <testcase time="0" classname="org.apache.mahout.matrix.TestDenseVector" name="testTimesVector"/>
  <testcase time="0" classname="org.apache.mahout.matrix.TestDenseVector" name="testTimesVectorCardinality"/>
  <testcase time="0" classname="org.apache.mahout.matrix.TestDenseVector" name="testAssignDoubleArray"/>
  <testcase time="0" classname="org.apache.mahout.matrix.TestDenseVector" name="testAssignDoubleArrayCardinality"/>
  <testcase time="0" classname="org.apache.mahout.matrix.TestDenseVector" name="testAssignVector"/>
  <testcase time="0" classname="org.apache.mahout.matrix.TestDenseVector" name="testAssignVectorCardinality"/>
  <testcase time="0.001" classname="org.apache.mahout.matrix.TestDenseVector" name="testAssignBinaryFunction"/>
  <testcase time="0" classname="org.apache.mahout.matrix.TestDenseVector" name="testAssignBinaryFunction2"/>
  <testcase time="0" classname="org.apache.mahout.matrix.TestDenseVector" name="testAssignBinaryFunction3"/>
  <testcase time="0" classname="org.apache.mahout.matrix.TestDenseVector" name="testAssignBinaryFunctionCardinality"/>
  <testcase time="0" classname="org.apache.mahout.matrix.TestDenseVector" name="testThisHaveSharedCells"/>
  <testcase time="0" classname="org.apache.mahout.matrix.TestDenseVector" name="testViewHaveSharedCells"/>
  <testcase time="0.001" classname="org.apache.mahout.matrix.TestDenseVector" name="testViewsHaveSharedCells"/>
  <testcase time="0" classname="org.apache.mahout.matrix.TestDenseVector" name="testLikeN"/>
  <testcase time="0.003" classname="org.apache.mahout.matrix.TestDenseVector" name="testCrossProduct"/>
  <testcase time="0" classname="org.apache.mahout.matrix.TestDenseVector" name="testLabelIndexing"/>
</testsuite>